Сборка начата 04.05.2023 12:13:59.
Уровень детализации журнала: Normal.     1>Проект "D:\project\ASD_6\ASD_6\ASD_6.vcxproj" в узле 2 (целевые объекты Build).
     1>PrepareForBuild:
         Создание каталога "D:\project\ASD_6\Debug\".
         Создание каталога "Debug\ASD_6.tlog\".
       InitializeBuildStatus:
         Создание "Debug\ASD_6.tlog\unsuccessfulbuild", так как было задано "AlwaysCreate".
       ClCompile:
         D:\Progi\Visla\VC\Tools\MSVC\14.35.32215\bin\HostX86\x86\CL.exe /c /ZI /JMC /nologo /W3 /WX- /diagnostics:column /sdl /Od /Oy- /D WIN32 /D _DEBUG /D _CONSOLE /D _UNICODE /D UNICODE /Gm- /EHsc /RTC1 /MDd /GS /fp:precise /Zc:wchar_t /Zc:forScope /Zc:inline /permissive- /Fo"Debug\\" /Fd"Debug\vc143.pdb" /external:W3 /Gd /TP /analyze- /FC /errorReport:prompt Source.cpp
         Source.cpp
     1>D:\project\ASD_6\ASD_6\Source.cpp(13,1): warning C4326: возвращаемый тип "main" должен быть "int", а не "void"
       Link:
         D:\Progi\Visla\VC\Tools\MSVC\14.35.32215\bin\HostX86\x86\link.exe /ERRORREPORT:PROMPT /OUT:"D:\project\ASD_6\Debug\ASD_6.exe" /INCREMENTAL /ILK:"Debug\ASD_6.ilk" /NOLOGO kernel32.lib user32.lib gdi32.lib winspool.lib comdlg32.lib advapi32.lib shell32.lib ole32.lib oleaut32.lib uuid.lib odbc32.lib odbccp32.lib /MANIFEST /MANIFESTUAC:"level='asInvoker' uiAccess='false'" /manifest:embed /DEBUG /PDB:"D:\project\ASD_6\Debug\ASD_6.pdb" /SUBSYSTEM:CONSOLE /TLBID:1 /DYNAMICBASE /NXCOMPAT /IMPLIB:"D:\project\ASD_6\Debug\ASD_6.lib" /MACHINE:X86 Debug\Source.obj
         ASD_6.vcxproj -> D:\project\ASD_6\Debug\ASD_6.exe
       FinalizeBuildStatus:
         Файл "Debug\ASD_6.tlog\unsuccessfulbuild" удаляется.
         Обращение к "Debug\ASD_6.tlog\ASD_6.lastbuildstate".
     1>Сборка проекта "D:\project\ASD_6\ASD_6\ASD_6.vcxproj" завершена (целевые объекты Build).

Сборка успешно завершена.

       "D:\project\ASD_6\ASD_6\ASD_6.vcxproj" (целевой объект Build ) (1) ->
       (Целевой объект ClCompile) -> 
         D:\project\ASD_6\ASD_6\Source.cpp(13,1): warning C4326: возвращаемый тип "main" должен быть "int", а не "void"

    Предупреждений: 1
    Ошибок: 0

Прошло времени 00:00:02.79
